Endpoint: GET /odumahw@myumanitoba.ca/get-roommate took 98.01 ms
Endpoint: GET /odumahw@myumanitoba.ca/get-roommate/ took 5.35 ms
Endpoint: GET /dev/user/odumahw@myumanitoba.ca/get-roommate took 33.38 ms
Endpoint: GET /dev/user/odumahw@myumanitoba.ca/get-roommate took 15.27 ms
Endpoint: GET /odumahw@myumanitoba.ca/get-roommate took 933.85 ms
Endpoint: POST /odumahw@myumanitoba.ca/review-roommate/williamodumah@gmail.com took 12.06 ms
Endpoint: GET /odumahw@myumanitoba.ca/review-page/williamodumah@gmail.com took 10.01 ms
Endpoint: GET /odumahw@myumanitoba.ca/review-page/williamodumah@gmail.com took 2.39 ms
Endpoint: GET /odumahw@myumanitoba.ca/review-page/williamodumah@gmail.com took 3.23 ms
Endpoint: GET /odumahw@myumanitoba.ca/get-roommate took 696.04 ms
Endpoint: GET /odumahw@myumanitoba.ca/get-user-roommates took 417.49 ms
Endpoint: GET /odumahw@myumanitoba.ca/review-page took 1.47 ms
Endpoint: GET /odumahw@myumanitoba.ca/review-pa took 1.80 ms
Endpoint: GET /odumahw@myumanitoba.ca/review-page/williamodumah@gmail.com took 13.65 ms
Endpoint: GET /odumahw@myumanitoba.ca/review-page/williamodum@gmail.com took 3.21 ms
Endpoint: GET /odumahw@myumanitoba.ca/review-page/williamodumah@gmail.com took 2.22 ms
Endpoint: GET /odumahw@myumanitoba.ca/review-page/williamodumah@gmail.com took 3.57 ms
Endpoint: GET /odumahw@myumanitoba.ca/review-page/williamodumah@gmail.com took 3.84 ms
Endpoint: GET /odumahw@myumanitoba.ca/review-page/williamodumah@gmail.com took 2.63 ms
Endpoint: GET /odumahw@myumanitoba.ca/review-page/williamodumah@gmail.com took 2.33 ms
Endpoint: GET /odumahw@myumanitoba.ca/review-page/williamodumah@gmail.com took 1.96 ms
Endpoint: GET /odumahw@myumanitoba.ca/review-page/williamodumah@gmail.com took 4.32 ms
Endpoint: GET /odumahw@myumanitoba.ca/review-page/williamodumah@gmail.com took 1.63 ms
Endpoint: GET /odumahw@myumanitoba.ca/review-page/williamodumah@gmail.com took 2.37 ms
Endpoint: GET /odumahw@myumanitoba.ca/review-page/williamodumah@gmail.com took 3.93 ms
Endpoint: GET /odumahw@myumanitoba.ca/review-page/williamodumah@gmail.com took 34.37 ms
Endpoint: GET /odumahw@myumanitoba.ca/review-page/williamodumah@gmail.com took 474.73 ms
Endpoint: GET /odumahw@myumanitoba.ca/review-page/williamodumah@gmail.com took 226.64 ms
Endpoint: POST /odumahw@myumanitoba.ca/send-review?reviewed=odumahw@myumanitiba.ca&overall=4&cleanliness=3&noise_levels=2&respect=1&communication=5&paying_rent=4&chores=3 took 296.23 ms
Endpoint: POST /odumahw@myumanitoba.ca/send-review?reviewed=odumahw@myumanitiba.ca&overall=4&cleanliness=3&noise_levels=2&respect=1&communication=5&paying_rent=4&chores=3 took 543.15 ms
Endpoint: POST /odumahw@myumanitoba.ca/send-review?reviewed=odumahw@myumanitiba.ca&overall=4&cleanliness=3&noise_levels=2&respect=1&communication=5&paying_rent=4&chores=3 took 508.50 ms
Endpoint: POST /odumahw@myumanitoba.ca/send-review?reviewed=odumahw@myumanitoba.ca&overall=4&cleanliness=3&noise_levels=2&respect=1&communication=5&paying_rent=4&chores=3 took 113.18 ms
Endpoint: POST /odumahw@myumanitoba.ca/send-review?reviewed=odumahw@myumanitoba.ca&overall=4&cleanliness=3&noise_levels=2&respect=1&communication=5&paying_rent=4&chores=3 took 512.32 ms
Endpoint: POST /odumahw@myumanitoba.ca/send-review?reviewed=odumahw@myumanitoba.ca&overall=4&cleanliness=3&noise_levels=2&respect=1&communication=5&paying_rent=4&chores=3 took 155.13 ms
Endpoint: POST /odumahw@myumanitoba.ca/send-review?reviewed=odumahw@myumanitoba.ca&overall=4&cleanliness=3&noise_levels=2&respect=1&communication=5&paying_rent=4&chores=3 took 499.49 ms
Endpoint: POST /odumahw@myumanitoba.ca/send-review?reviewed=odumahw@myumanitoba.ca&overall=4&cleanliness=3&noise_levels=2&respect=1&communication=5&paying_rent=4&chores=3 took 515.87 ms
Endpoint: POST /odumahw@myumanitoba.ca/send-review?reviewed=williamodumah@gmail.com&overall=4&cleanliness=3&noise_levels=2&respect=1&communication=5&paying_rent=4&chores=3 took 158.61 ms
Endpoint: POST /odumahw@myumanitoba.ca/send-review took 318.11 ms
Endpoint: POST /odumahw@myumanitoba.ca/send-review took 157.30 ms
Endpoint: POST /odumahw@myumanitoba.ca/send-review took 357.94 ms
Endpoint: POST /odumahw@myumanitoba.ca/send-review took 516.52 ms
Endpoint: POST /send-review took 433.05 ms
Endpoint: POST /send-review took 373.39 ms
Endpoint: POST /send-review took 68.57 ms
Endpoint: POST /send-review took 233.62 ms
Endpoint: POST /send-review took 56.59 ms
Endpoint: POST /send-review took 559.39 ms
Endpoint: GET /odumahw@myumanitoba.ca/find-roommate-page took 492.01 ms
Endpoint: GET /williamodumah@gmail.com/find-roommate-page took 57.01 ms
Endpoint: GET /williamodumah@gmail.com/get-new-matches took 286.32 ms
Endpoint: GET /williamodumah@gmail.com/get-new-matches took 312.22 ms
Endpoint: GET / took 16.14 ms
Endpoint: GET /favicon.ico took 4.28 ms
Endpoint: GET /williamodumah@gmail.com/get-new-matches took 373.82 ms
Endpoint: GET /williamodumah@gmail.com/get-new-matches took 294.63 ms
Endpoint: GET /williamodumah@gmail.com/get-new-matches took 402.26 ms
Endpoint: GET /williamodumah@gmail.com/get-new-matches took 349.88 ms
